<?xml version="1.0" encoding="UTF-8"?>
<testsuite xmlns:xsi="http://www.w3.org/2001/XMLSchema-instance" xsi:noNamespaceSchemaLocation="https://maven.apache.org/surefire/maven-surefire-plugin/xsd/surefire-test-report.xsd" name="ru.cbr.turing.dump.oracle.InfodiodServiceIntegrationTest" time="0.304" tests="1" errors="0" skipped="1" failures="0">
  <properties>
[...]
</properties>
  <testcase name="expCompletedTest" classname="ru.cbr.turing.dump.oracle.InfodiodServiceIntegrationTest" time="0">
    <skipped/>
    <system-out><![CDATA[14:09:07.028 [main] DEBUG org.springframework.test.context.junit4.SpringJUnit4ClassRunner - SpringJUnit4ClassRunner constructor called with [class ru.cbr.turing.dump.oracle.InfodiodServiceIntegrationTest]
14:09:07.033 [main] DEBUG org.springframework.test.context.BootstrapUtils - Instantiating CacheAwareContextLoaderDelegate from class [org.springframework.test.context.cache.DefaultCacheAwareContextLoaderDelegate]
14:09:07.039 [main] DEBUG org.springframework.test.context.BootstrapUtils - Instantiating BootstrapContext using constructor [public org.springframework.test.context.support.DefaultBootstrapContext(java.lang.Class,org.springframework.test.context.CacheAwareContextLoaderDelegate)]
14:09:07.055 [main] DEBUG org.springframework.test.context.BootstrapUtils - Instantiating TestContextBootstrapper for test class [ru.cbr.turing.dump.oracle.InfodiodServiceIntegrationTest] from class [org.springframework.boot.test.context.SpringBootTestContextBootstrapper]
14:09:07.065 [main] INFO org.springframework.boot.test.context.SpringBootTestContextBootstrapper - Neither @ContextConfiguration nor @ContextHierarchy found for test class [ru.cbr.turing.dump.oracle.InfodiodServiceIntegrationTest], using SpringBootContextLoader
14:09:07.068 [main] DEBUG org.springframework.test.context.support.AbstractContextLoader - Did not detect default resource location for test class [ru.cbr.turing.dump.oracle.InfodiodServiceIntegrationTest]: class path resource [ru/cbr/turing/dump/oracle/InfodiodServiceIntegrationTest-context.xml] does not exist
14:09:07.068 [main] DEBUG org.springframework.test.context.support.AbstractContextLoader - Did not detect default resource location for test class [ru.cbr.turing.dump.oracle.InfodiodServiceIntegrationTest]: class path resource [ru/cbr/turing/dump/oracle/InfodiodServiceIntegrationTestContext.groovy] does not exist
14:09:07.068 [main] INFO org.springframework.test.context.support.AbstractContextLoader - Could not detect default resource locations for test class [ru.cbr.turing.dump.oracle.InfodiodServiceIntegrationTest]: no resource found for suffixes {-context.xml, Context.groovy}.
14:09:07.210 [main] DEBUG org.springframework.boot.test.context.SpringBootTestContextBootstrapper - @TestExecutionListeners is not present for class [ru.cbr.turing.dump.oracle.InfodiodServiceIntegrationTest]: using defaults.
14:09:07.210 [main] INFO org.springframework.boot.test.context.SpringBootTestContextBootstrapper - Loaded default TestExecutionListener class names from location [META-INF/spring.factories]: [org.springframework.boot.test.mock.mockito.MockitoTestExecutionListener, org.springframework.boot.test.mock.mockito.ResetMocksTestExecutionListener, org.springframework.boot.test.autoconfigure.restdocs.RestDocsTestExecutionListener, org.springframework.boot.test.autoconfigure.web.client.MockRestServiceServerResetTestExecutionListener, org.springframework.boot.test.autoconfigure.web.servlet.MockMvcPrintOnlyOnFailureTestExecutionListener, org.springframework.boot.test.autoconfigure.web.servlet.WebDriverTestExecutionListener, org.springframework.test.context.web.ServletTestExecutionListener, org.springframework.test.context.support.DirtiesContextBeforeModesTestExecutionListener, org.springframework.test.context.support.DependencyInjectionTestExecutionListener, org.springframework.test.context.support.DirtiesContextTestExecutionListener, org.springframework.test.context.transaction.TransactionalTestExecutionListener, org.springframework.test.context.jdbc.SqlScriptsTestExecutionListener]
14:09:07.219 [main] DEBUG org.springframework.boot.test.context.SpringBootTestContextBootstrapper - Skipping candidate TestExecutionListener [org.springframework.test.context.transaction.TransactionalTestExecutionListener] due to a missing dependency. Specify custom listener classes or make the default listener classes and their required dependencies available. Offending class: [org/springframework/transaction/TransactionDefinition]
14:09:07.220 [main] DEBUG org.springframework.boot.test.context.SpringBootTestContextBootstrapper - Skipping candidate TestExecutionListener [org.springframework.test.context.jdbc.SqlScriptsTestExecutionListener] due to a missing dependency. Specify custom listener classes or make the default listener classes and their required dependencies available. Offending class: [org/springframework/transaction/interceptor/TransactionAttribute]
14:09:07.221 [main] INFO org.springframework.boot.test.context.SpringBootTestContextBootstrapper - Using TestExecutionListeners: [org.springframework.test.context.web.ServletTestExecutionListener@647fd8ce, org.springframework.test.context.support.DirtiesContextBeforeModesTestExecutionListener@159f197, org.springframework.boot.test.mock.mockito.MockitoTestExecutionListener@78aab498, org.springframework.boot.test.autoconfigure.SpringBootDependencyInjectionTestExecutionListener@5dd6264, org.springframework.test.context.support.DirtiesContextTestExecutionListener@1ffe63b9, org.springframework.boot.test.mock.mockito.ResetMocksTestExecutionListener@51e5fc98, org.springframework.boot.test.autoconfigure.restdocs.RestDocsTestExecutionListener@7c469c48, org.springframework.boot.test.autoconfigure.web.client.MockRestServiceServerResetTestExecutionListener@12e61fe6, org.springframework.boot.test.autoconfigure.web.servlet.MockMvcPrintOnlyOnFailureTestExecutionListener@7ee955a8, org.springframework.boot.test.autoconfigure.web.servlet.WebDriverTestExecutionListener@1677d1]
14:09:07.223 [main] DEBUG org.springframework.test.annotation.ProfileValueUtils - Retrieved @ProfileValueSourceConfiguration [null] for test class [ru.cbr.turing.dump.oracle.InfodiodServiceIntegrationTest]
14:09:07.223 [main] DEBUG org.springframework.test.annotation.ProfileValueUtils - Retrieved ProfileValueSource type [class org.springframework.test.annotation.SystemProfileValueSource] for class [ru.cbr.turing.dump.oracle.InfodiodServiceIntegrationTest]
14:09:07.224 [main] DEBUG org.springframework.test.annotation.ProfileValueUtils - Retrieved @ProfileValueSourceConfiguration [null] for test class [ru.cbr.turing.dump.oracle.InfodiodServiceIntegrationTest]
14:09:07.225 [main] DEBUG org.springframework.test.annotation.ProfileValueUtils - Retrieved ProfileValueSource type [class org.springframework.test.annotation.SystemProfileValueSource] for class [ru.cbr.turing.dump.oracle.InfodiodServiceIntegrationTest]
14:09:07.225 [main] DEBUG org.springframework.test.annotation.ProfileValueUtils - Retrieved @ProfileValueSourceConfiguration [null] for test class [ru.cbr.turing.dump.oracle.InfodiodServiceIntegrationTest]
14:09:07.225 [main] DEBUG org.springframework.test.annotation.ProfileValueUtils - Retrieved ProfileValueSource type [class org.springframework.test.annotation.SystemProfileValueSource] for class [ru.cbr.turing.dump.oracle.InfodiodServiceIntegrationTest]
]]></system-out>
  </testcase>
</testsuite>